Build started 2/10/2015 7:55:35 PM.
     1>Project "Z:\C++ 2\c++2 asses\c++2 asses\c++2 asses.vcxproj" on node 2 (build target(s)).
     1>InitializeBuildStatus:
         Creating "Debug\c++2 asses.unsuccessfulbuild" because "AlwaysCreate" was specified.
       ClCompile:
         C:\Program Files (x86)\Microsoft Visual Studio 10.0\VC\bin\CL.exe /c /ZI /nologo /W3 /WX- /Od /Oy- /D _MBCS /Gm /EHsc /RTC1 /MDd /GS /fp:precise /Zc:wchar_t /Zc:forScope /Fo"Debug\\" /Fd"Debug\vc100.pdb" /Gd /TP /analyze- /errorReport:prompt play_game.cpp
         play_game.cpp
     1>z:\c++ 2\c++2 asses\c++2 asses\play_game.cpp(29): warning C4244: 'argument' : conversion from 'time_t' to 'unsigned int', possible loss of data
     1>z:\c++ 2\c++2 asses\c++2 asses\play_game.cpp(78): warning C4244: 'argument' : conversion from 'time_t' to 'unsigned int', possible loss of data
     1>z:\c++ 2\c++2 asses\c++2 asses\play_game.cpp(129): warning C4244: 'argument' : conversion from 'time_t' to 'unsigned int', possible loss of data
     1>z:\c++ 2\c++2 asses\c++2 asses\play_game.cpp(73): warning C4715: 'play_game::level_easy' : not all control paths return a value
     1>z:\c++ 2\c++2 asses\c++2 asses\play_game.cpp(124): warning C4715: 'play_game::level_med' : not all control paths return a value
     1>z:\c++ 2\c++2 asses\c++2 asses\play_game.cpp(176): warning C4715: 'play_game::level_high' : not all control paths return a value
       Link:
         C:\Program Files (x86)\Microsoft Visual Studio 10.0\VC\bin\link.exe /ERRORREPORT:PROMPT /OUT:"Z:\C++ 2\c++2 asses\Debug\c++2 asses.exe" /NOLOGO kernel32.lib user32.lib gdi32.lib winspool.lib comdlg32.lib advapi32.lib shell32.lib ole32.lib oleaut32.lib uuid.lib odbc32.lib odbccp32.lib /MANIFEST /ManifestFile:"Debug\c++2 asses.exe.intermediate.manifest" /MANIFESTUAC:"level='asInvoker' uiAccess='false'" /DEBUG /PDB:"Z:\C++ 2\c++2 asses\Debug\c++2 asses.pdb" /TLBID:1 /DYNAMICBASE /NXCOMPAT /IMPLIB:"Z:\C++ 2\c++2 asses\Debug\c++2 asses.lib" /MACHINE:X86 Debug\main.obj
         Debug\play_game.obj
         LINK : Z:\C++ 2\c++2 asses\Debug\c++2 asses.exe not found or not built by the last incremental link; performing full link
         c++2 asses.vcxproj -> Z:\C++ 2\c++2 asses\Debug\c++2 asses.exe
       Manifest:
         C:\Program Files (x86)\Microsoft SDKs\Windows\v7.0A\bin\mt.exe /nologo /verbose /outputresource:"Z:\C++ 2\c++2 asses\Debug\c++2 asses.exe;#1" /manifest "Debug\c++2 asses.exe.intermediate.manifest"
       FinalizeBuildStatus:
         Deleting file "Debug\c++2 asses.unsuccessfulbuild".
         Touching "Debug\c++2 asses.lastbuildstate".
     1>Done Building Project "Z:\C++ 2\c++2 asses\c++2 asses\c++2 asses.vcxproj" (build target(s)).

Build succeeded.

Time Elapsed 00:00:01.45
